#
# There is insufficient memory for the Java Runtime Environment to continue.
# Native memory allocation (mmap) failed to map 65536 bytes for Failed to commit metaspace.
# Possible reasons:
#   The system is out of physical RAM or swap space
#   The process is running with CompressedOops enabled, and the Java Heap may be blocking the growth of the native heap
# Possible solutions:
#   Reduce memory load on the system
#   Increase physical memory or swap space
#   Check if swap backing store is full
#   Decrease Java heap size (-Xmx/-Xms)
#   Decrease number of Java threads
#   Decrease Java thread stack sizes (-Xss)
#   Set larger code cache with -XX:ReservedCodeCacheSize=
#   JVM is running with Zero Based Compressed Oops mode in which the Java heap is
#     placed in the first 32GB address space. The Java Heap base address is the
#     maximum limit for the native heap growth. Please use -XX:HeapBaseMinAddress
#     to set the Java Heap base and to place the Java Heap above 32GB virtual address.
# This output file may be truncated or incomplete.
#
#  Out of Memory Error (virtualSpaceNode.cpp:110), pid=26732, tid=15888
#
# JRE version: Java(TM) SE Runtime Environment (17.0.2+8) (build 17.0.2+8-LTS-86)
# Java VM: Java HotSpot(TM) 64-Bit Server VM (17.0.2+8-LTS-86, mixed mode, sharing, tiered, compressed oops, compressed class ptrs, g1 gc, windows-amd64)
# No core dump will be written. Minidumps are not enabled by default on client versions of Windows
#

---------------  S U M M A R Y ------------

Command Line: -Dfile.encoding=UTF-8 -XX:+ShowCodeDetailsInExceptionMessages static_dropdown

Host: Intel(R) Core(TM) i5-10210U CPU @ 1.60GHz, 8 cores, 15G,  Windows 10 , 64 bit Build 19041 (10.0.19041.3636)
Time: Tue May  7 18:15:02 2024 India Standard Time elapsed time: 0.267475 seconds (0d 0h 0m 0s)

---------------  T H R E A D  ---------------

Current thread (0x0000020c9c3e02e0):  JavaThread "main" [_thread_in_vm, id=15888, stack(0x000000162da00000,0x000000162db00000)]

Stack: [0x000000162da00000,0x000000162db00000]
Native frames: (J=compiled Java code, j=interpreted, Vv=VM code, C=native code)
V  [jvm.dll+0x670baa]
V  [jvm.dll+0x7cfcb4]
V  [jvm.dll+0x7d145e]
V  [jvm.dll+0x7d1ac3]
V  [jvm.dll+0x242bc5]
V  [jvm.dll+0x7cbc5b]
V  [jvm.dll+0x616966]
V  [jvm.dll+0x6169ca]
V  [jvm.dll+0x6191da]
V  [jvm.dll+0x617306]
V  [jvm.dll+0x628019]
V  [jvm.dll+0x621324]
V  [jvm.dll+0x37bb61]
C  0x0000020ca3c3cad1

Java frames: (J=compiled Java code, j=interpreted, Vv=VM code)
j  java.lang.StackTraceElement.computeFormat()V+0 java.base@17.0.2
j  java.lang.StackTraceElement.of(Ljava/lang/Throwable;I)[Ljava/lang/StackTraceElement;+57 java.base@17.0.2
j  java.lang.Throwable.getOurStackTrace()[Ljava/lang/StackTraceElement;+30 java.base@17.0.2
j  java.lang.Throwable.printStackTrace(Ljava/lang/Throwable$PrintStreamOrWriter;)V+32 java.base@17.0.2
j  java.lang.Throwable.printStackTrace(Ljava/io/PrintStream;)V+9 java.base@17.0.2
j  java.lang.ThreadGroup.uncaughtException(Ljava/lang/Thread;Ljava/lang/Throwable;)V+82 java.base@17.0.2
j  java.lang.ThreadGroup.uncaughtException(Ljava/lang/Thread;Ljava/lang/Throwable;)V+13 java.base@17.0.2
j  java.lang.Thread.dispatchUncaughtException(Ljava/lang/Throwable;)V+6 java.base@17.0.2
v  ~StubRoutines::call_stub

---------------  P R O C E S S  ---------------

Threads class SMR info:
_java_thread_list=0x0000020cbf916be0, length=12, elements={
0x0000020c9c3e02e0, 0x0000020cbec598c0, 0x0000020cbec5a530, 0x0000020cbec6b150,
0x0000020cbec6cb10, 0x0000020cbec6d4c0, 0x0000020cbec72380, 0x0000020cbec73060,
0x0000020cbec73b00, 0x0000020cbec86cc0, 0x0000020cbf909510, 0x0000020cbf9177b0
}

Java Threads: ( => current thread )
=>0x0000020c9c3e02e0 JavaThread "main" [_thread_in_vm, id=15888, stack(0x000000162da00000,0x000000162db00000)]
  0x0000020cbec598c0 JavaThread "Reference Handler" daemon [_thread_blocked, id=12656, stack(0x000000162e100000,0x000000162e200000)]
  0x0000020cbec5a530 JavaThread "Finalizer" daemon [_thread_blocked, id=19728, stack(0x000000162e200000,0x000000162e300000)]
  0x0000020cbec6b150 JavaThread "Signal Dispatcher" daemon [_thread_blocked, id=31840, stack(0x000000162e300000,0x000000162e400000)]
  0x0000020cbec6cb10 JavaThread "Attach Listener" daemon [_thread_blocked, id=5220, stack(0x000000162e400000,0x000000162e500000)]
  0x0000020cbec6d4c0 JavaThread "Service Thread" daemon [_thread_blocked, id=28184, stack(0x000000162e500000,0x000000162e600000)]
  0x0000020cbec72380 JavaThread "Monitor Deflation Thread" daemon [_thread_blocked, id=4176, stack(0x000000162e600000,0x000000162e700000)]
  0x0000020cbec73060 JavaThread "C2 CompilerThread0" daemon [_thread_blocked, id=17624, stack(0x000000162e700000,0x000000162e800000)]
  0x0000020cbec73b00 JavaThread "C1 CompilerThread0" daemon [_thread_in_vm, id=33140, stack(0x000000162e800000,0x000000162e900000)]
  0x0000020cbec86cc0 JavaThread "Sweeper thread" daemon [_thread_blocked, id=4520, stack(0x000000162e900000,0x000000162ea00000)]
  0x0000020cbf909510 JavaThread "Notification Thread" daemon [_thread_blocked, id=26172, stack(0x000000162ea00000,0x000000162eb00000)]
  0x0000020cbf9177b0 JavaThread "Common-Cleaner" daemon [_thread_blocked, id=31380, stack(0x000000162ec00000,0x000000162ed00000)]

Other Threads:
  0x0000020cbec4e0e0 VMThread "VM Thread" [stack: 0x000000162e000000,0x000000162e100000] [id=15812]
  0x0000020cbf90c620 WatcherThread [stack: 0x000000162eb00000,0x000000162ec00000] [id=2344]
  0x0000020c9c42f810 GCTaskThread "GC Thread#0" [stack: 0x000000162db00000,0x000000162dc00000] [id=32828]
  0x0000020c9c43fe10 ConcurrentGCThread "G1 Main Marker" [stack: 0x000000162dc00000,0x000000162dd00000] [id=30928]
  0x0000020c9c440fd0 ConcurrentGCThread "G1 Conc#0" [stack: 0x000000162dd00000,0x000000162de00000] [id=22300]
  0x0000020c9c4aea00 ConcurrentGCThread "G1 Refine#0" [stack: 0x000000162de00000,0x000000162df00000] [id=15820]
  0x0000020cbeb0c500 ConcurrentGCThread "G1 Service" [stack: 0x000000162df00000,0x000000162e000000] [id=8228]

Threads with active compile tasks:
C1 CompilerThread0      289  391   !   3       java.net.URL::<init> (543 bytes)

VM state: not at safepoint (normal execution)

VM Mutex/Monitor currently owned by a thread:  ([mutex/lock_event])
[0x0000020c9c3d8f80] Metaspace_lock - owner thread: 0x0000020c9c3e02e0
[0x0000020c9c3dc3e0] MethodData_lock - owner thread: 0x0000020cbec73b00

OutOfMemory and StackOverflow Exception counts:
OutOfMemoryError java_heap_errors=4
LinkageErrors=4

Heap address: 0x0000000709400000, size: 3948 MB, Compressed Oops mode: Zero based, Oop shift amount: 3

CDS archive(s) mapped at: [0x0000000800000000-0x0000000800bc0000-0x0000000800bc0000), size 12320768, SharedBaseAddress: 0x0000000800000000, ArchiveRelocationMode: 0.
Compressed class space mapped at: 0x0000000800c00000-0x0000000840c00000, reserved size: 1073741824
Narrow klass base: 0x0000000800000000, Narrow klass shift: 0, Narrow klass range: 0x100000000

GC Precious Log:
 CPUs: 8 total, 8 available
 Memory: 15789M
 Large Page Support: Disabled
 NUMA Support: Disabled
 Compressed Oops: Enabled (Zero based)
 Heap Region Size: 2M
 Heap Min Capacity: 8M
 Heap Initial Capacity: 248M
 Heap Max Capacity: 3948M
 Pre-touch: Disabled
 Parallel Workers: 8
 Concurrent Workers: 2
 Concurrent Refinement Workers: 8
 Periodic GC: Disabled

Heap:
 garbage-first heap   total 253952K, used 4096K [0x0000000709400000, 0x0000000800000000)
  region size 2048K, 3 young (6144K), 0 survivors (0K)
 Metaspace       used 1515K, committed 1664K, reserved 1056768K
  class space    used 169K, committed 256K, reserved 1048576K

Heap Regions: E=young(eden), S=young(survivor), O=old, HS=humongous(starts), HC=humongous(continues), CS=collection set, F=free, OA=open archive, CA=closed archive, TAMS=top-at-mark-start (previous, next)
|   0|0x0000000709400000, 0x0000000709400000, 0x0000000709600000|  0%| F|  |TAMS 0x0000000709400000, 0x0000000709400000| Untracked 
|   1|0x0000000709600000, 0x0000000709600000, 0x0000000709800000|  0%| F|  |TAMS 0x0000000709600000, 0x0000000709600000| Untracked 
|   2|0x0000000709800000, 0x0000000709800000, 0x0000000709a00000|  0%| F|  |TAMS 0x0000000709800000, 0x0000000709800000| Untracked 
|   3|0x0000000709a00000, 0x0000000709a00000, 0x0000000709c00000|  0%| F|  |TAMS 0x0000000709a00000, 0x0000000709a00000| Untracked 
|   4|0x0000000709c00000, 0x0000000709c00000, 0x0000000709e00000|  0%| F|  |TAMS 0x0000000709c00000, 0x0000000709c00000| Untracked 
|   5|0x0000000709e00000, 0x0000000709e00000, 0x000000070a000000|  0%| F|  |TAMS 0x0000000709e00000, 0x0000000709e00000| Untracked 
|   6|0x000000070a000000, 0x000000070a000000, 0x000000070a200000|  0%| F|  |TAMS 0x000000070a000000, 0x000000070a000000| Untracked 
|   7|0x000000070a200000, 0x000000070a200000, 0x000000070a400000|  0%| F|  |TAMS 0x000000070a200000, 0x000000070a200000| Untracked 
|   8|0x000000070a400000, 0x000000070a400000, 0x000000070a600000|  0%| F|  |TAMS 0x000000070a400000, 0x000000070a400000| Untracked 
|   9|0x000000070a600000, 0x000000070a600000, 0x000000070a800000|  0%| F|  |TAMS 0x000000070a600000, 0x000000070a600000| Untracked 
|  10|0x000000070a800000, 0x000000070a800000, 0x000000070aa00000|  0%| F|  |TAMS 0x000000070a800000, 0x000000070a800000| Untracked 
|  11|0x000000070aa00000, 0x000000070aa00000, 0x000000070ac00000|  0%| F|  |TAMS 0x000000070aa00000, 0x000000070aa00000| Untracked 
|  12|0x000000070ac00000, 0x000000070ac00000, 0x000000070ae00000|  0%| F|  |TAMS 0x000000070ac00000, 0x000000070ac00000| Untracked 
|  13|0x000000070ae00000, 0x000000070ae00000, 0x000000070b000000|  0%| F|  |TAMS 0x000000070ae00000, 0x000000070ae00000| Untracked 
|  14|0x000000070b000000, 0x000000070b000000, 0x000000070b200000|  0%| F|  |TAMS 0x000000070b000000, 0x000000070b000000| Untracked 
|  15|0x000000070b200000, 0x000000070b200000, 0x000000070b400000|  0%| F|  |TAMS 0x000000070b200000, 0x000000070b200000| Untracked 
|  16|0x000000070b400000, 0x000000070b400000, 0x000000070b600000|  0%| F|  |TAMS 0x000000070b400000, 0x000000070b400000| Untracked 
|  17|0x000000070b600000, 0x000000070b600000, 0x000000070b800000|  0%| F|  |TAMS 0x000000070b600000, 0x000000070b600000| Untracked 
|  18|0x000000070b800000, 0x000000070b800000, 0x000000070ba00000|  0%| F|  |TAMS 0x000000070b800000, 0x000000070b800000| Untracked 
|  19|0x000000070ba00000, 0x000000070ba00000, 0x000000070bc00000|  0%| F|  |TAMS 0x000000070ba00000, 0x000000070ba00000| Untracked 
|  20|0x000000070bc00000, 0x000000070bc00000, 0x000000070be00000|  0%| F|  |TAMS 0x000000070bc00000, 0x000000070bc00000| Untracked 
|  21|0x000000070be00000, 0x000000070be00000, 0x000000070c000000|  0%| F|  |TAMS 0x000000070be00000, 0x000000070be00000| Untracked 
|  22|0x000000070c000000, 0x000000070c000000, 0x000000070c200000|  0%| F|  |TAMS 0x000000070c000000, 0x000000070c000000| Untracked 
|  23|0x000000070c200000, 0x000000070c200000, 0x000000070c400000|  0%| F|  |TAMS 0x000000070c200000, 0x000000070c200000| Untracked 
|  24|0x000000070c400000, 0x000000070c400000, 0x000000070c600000|  0%| F|  |TAMS 0x000000070c400000, 0x000000070c400000| Untracked 
|  25|0x000000070c600000, 0x000000070c600000, 0x000000070c800000|  0%| F|  |TAMS 0x000000070c600000, 0x000000070c600000| Untracked 
|  26|0x000000070c800000, 0x000000070c800000, 0x000000070ca00000|  0%| F|  |TAMS 0x000000070c800000, 0x000000070c800000| Untracked 
|  27|0x000000070ca00000, 0x000000070ca00000, 0x000000070cc00000|  0%| F|  |TAMS 0x000000070ca00000, 0x000000070ca00000| Untracked 
|  28|0x000000070cc00000, 0x000000070cc00000, 0x000000070ce00000|  0%| F|  |TAMS 0x000000070cc00000, 0x000000070cc00000| Untracked 
|  29|0x000000070ce00000, 0x000000070ce00000, 0x000000070d000000|  0%| F|  |TAMS 0x000000070ce00000, 0x000000070ce00000| Untracked 
|  30|0x000000070d000000, 0x000000070d000000, 0x000000070d200000|  0%| F|  |TAMS 0x000000070d000000, 0x000000070d000000| Untracked 
|  31|0x000000070d200000, 0x000000070d200000, 0x000000070d400000|  0%| F|  |TAMS 0x000000070d200000, 0x000000070d200000| Untracked 
|  32|0x000000070d400000, 0x000000070d400000, 0x000000070d600000|  0%| F|  |TAMS 0x000000070d400000, 0x000000070d400000| Untracked 
|  33|0x000000070d600000, 0x000000070d600000, 0x000000070d800000|  0%| F|  |TAMS 0x000000070d600000, 0x000000070d600000| Untracked 
|  34|0x000000070d800000, 0x000000070d800000, 0x000000070da00000|  0%| F|  |TAMS 0x000000070d800000, 0x000000070d800000| Untracked 
|  35|0x000000070da00000, 0x000000070da00000, 0x000000070dc00000|  0%| F|  |TAMS 0x000000070da00000, 0x000000070da00000| Untracked 
|  36|0x000000070dc00000, 0x000000070dc00000, 0x000000070de00000|  0%| F|  |TAMS 0x000000070dc00000, 0x000000070dc00000| Untracked 
|  37|0x000000070de00000, 0x000000070de00000, 0x000000070e000000|  0%| F|  |TAMS 0x000000070de00000, 0x000000070de00000| Untracked 
|  38|0x000000070e000000, 0x000000070e000000, 0x000000070e200000|  0%| F|  |TAMS 0x000000070e000000, 0x000000070e000000| Untracked 
|  39|0x000000070e200000, 0x000000070e200000, 0x000000070e400000|  0%| F|  |TAMS 0x000000070e200000, 0x000000070e200000| Untracked 
|  40|0x000000070e400000, 0x000000070e400000, 0x000000070e600000|  0%| F|  |TAMS 0x000000070e400000, 0x000000070e400000| Untracked 
|  41|0x000000070e600000, 0x000000070e600000, 0x000000070e800000|  0%| F|  |TAMS 0x000000070e600000, 0x000000070e600000| Untracked 
|  42|0x000000070e800000, 0x000000070e800000, 0x000000070ea00000|  0%| F|  |TAMS 0x000000070e800000, 0x000000070e800000| Untracked 
|  43|0x000000070ea00000, 0x000000070ea00000, 0x000000070ec00000|  0%| F|  |TAMS 0x000000070ea00000, 0x000000070ea00000| Untracked 
|  44|0x000000070ec00000, 0x000000070ec00000, 0x000000070ee00000|  0%| F|  |TAMS 0x000000070ec00000, 0x000000070ec00000| Untracked 
|  45|0x000000070ee00000, 0x000000070ee00000, 0x000000070f000000|  0%| F|  |TAMS 0x000000070ee00000, 0x000000070ee00000| Untracked 
|  46|0x000000070f000000, 0x000000070f000000, 0x000000070f200000|  0%| F|  |TAMS 0x000000070f000000, 0x000000070f000000| Untracked 
|  47|0x000000070f200000, 0x000000070f200000, 0x000000070f400000|  0%| F|  |TAMS 0x000000070f200000, 0x000000070f200000| Untracked 
|  48|0x000000070f400000, 0x000000070f400000, 0x000000070f600000|  0%| F|  |TAMS 0x000000070f400000, 0x000000070f400000| Untracked 
|  49|0x000000070f600000, 0x000000070f600000, 0x000000070f800000|  0%| F|  |TAMS 0x000000070f600000, 0x000000070f600000| Untracked 
|  50|0x000000070f800000, 0x000000070f800000, 0x000000070fa00000|  0%| F|  |TAMS 0x000000070f800000, 0x000000070f800000| Untracked 
|  51|0x000000070fa00000, 0x000000070fa00000, 0x000000070fc00000|  0%| F|  |TAMS 0x000000070fa00000, 0x000000070fa00000| Untracked 
|  52|0x000000070fc00000, 0x000000070fc00000, 0x000000070fe00000|  0%| F|  |TAMS 0x000000070fc00000, 0x000000070fc00000| Untracked 
|  53|0x000000070fe00000, 0x000000070fe00000, 0x0000000710000000|  0%| F|  |TAMS 0x000000070fe00000, 0x000000070fe00000| Untracked 
|  54|0x0000000710000000, 0x0000000710000000, 0x0000000710200000|  0%| F|  |TAMS 0x0000000710000000, 0x0000000710000000| Untracked 
|  55|0x0000000710200000, 0x0000000710200000, 0x0000000710400000|  0%| F|  |TAMS 0x0000000710200000, 0x0000000710200000| Untracked 
|  56|0x0000000710400000, 0x0000000710400000, 0x0000000710600000|  0%| F|  |TAMS 0x0000000710400000, 0x0000000710400000| Untracked 
|  57|0x0000000710600000, 0x0000000710600000, 0x0000000710800000|  0%| F|  |TAMS 0x0000000710600000, 0x0000000710600000| Untracked 
|  58|0x0000000710800000, 0x0000000710800000, 0x0000000710a00000|  0%| F|  |TAMS 0x0000000710800000, 0x0000000710800000| Untracked 
|  59|0x0000000710a00000, 0x0000000710a00000, 0x0000000710c00000|  0%| F|  |TAMS 0x0000000710a00000, 0x0000000710a00000| Untracked 
|  60|0x0000000710c00000, 0x0000000710c00000, 0x0000000710e00000|  0%| F|  |TAMS 0x0000000710c00000, 0x0000000710c00000| Untracked 
|  61|0x0000000710e00000, 0x0000000710e00000, 0x0000000711000000|  0%| F|  |TAMS 0x0000000710e00000, 0x0000000710e00000| Untracked 
|  62|0x0000000711000000, 0x0000000711000000, 0x0000000711200000|  0%| F|  |TAMS 0x0000000711000000, 0x0000000711000000| Untracked 
|  63|0x0000000711200000, 0x0000000711200000, 0x0000000711400000|  0%| F|  |TAMS 0x0000000711200000, 0x0000000711200000| Untracked 
|  64|0x0000000711400000, 0x0000000711400000, 0x0000000711600000|  0%| F|  |TAMS 0x0000000711400000, 0x0000000711400000| Untracked 
|  65|0x0000000711600000, 0x0000000711600000, 0x0000000711800000|  0%| F|  |TAMS 0x0000000711600000, 0x0000000711600000| Untracked 
|  66|0x0000000711800000, 0x0000000711800000, 0x0000000711a00000|  0%| F|  |TAMS 0x0000000711800000, 0x0000000711800000| Untracked 
|  67|0x0000000711a00000, 0x0000000711a00000, 0x0000000711c00000|  0%| F|  |TAMS 0x0000000711a00000, 0x0000000711a00000| Untracked 
|  68|0x0000000711c00000, 0x0000000711c00000, 0x0000000711e00000|  0%| F|  |TAMS 0x0000000711c00000, 0x0000000711c00000| Untracked 
|  69|0x0000000711e00000, 0x0000000711e00000, 0x0000000712000000|  0%| F|  |TAMS 0x0000000711e00000, 0x0000000711e00000| Untracked 
|  70|0x0000000712000000, 0x0000000712000000, 0x0000000712200000|  0%| F|  |TAMS 0x0000000712000000, 0x0000000712000000| Untracked 
|  71|0x0000000712200000, 0x0000000712200000, 0x0000000712400000|  0%| F|  |TAMS 0x0000000712200000, 0x0000000712200000| Untracked 
|  72|0x0000000712400000, 0x0000000712400000, 0x0000000712600000|  0%| F|  |TAMS 0x0000000712400000, 0x0000000712400000| Untracked 
|  73|0x0000000712600000, 0x0000000712600000, 0x0000000712800000|  0%| F|  |TAMS 0x0000000712600000, 0x0000000712600000| Untracked 
|  74|0x0000000712800000, 0x0000000712800000, 0x0000000712a00000|  0%| F|  |TAMS 0x0000000712800000, 0x0000000712800000| Untracked 
|  75|0x0000000712a00000, 0x0000000712a00000, 0x0000000712c00000|  0%| F|  |TAMS 0x0000000712a00000, 0x0000000712a00000| Untracked 
|  76|0x0000000712c00000, 0x0000000712c00000, 0x0000000712e00000|  0%| F|  |TAMS 0x0000000712c00000, 0x0000000712c00000| Untracked 
|  77|0x0000000712e00000, 0x0000000712e00000, 0x0000000713000000|  0%| F|  |TAMS 0x0000000712e00000, 0x0000000712e00000| Untracked 
|  78|0x0000000713000000, 0x0000000713000000, 0x0000000713200000|  0%| F|  |TAMS 0x0000000713000000, 0x0000000713000000| Untracked 
|  79|0x0000000713200000, 0x0000000713200000, 0x0000000713400000|  0%| F|  |TAMS 0x0000000713200000, 0x0000000713200000| Untracked 
|  80|0x0000000713400000, 0x0000000713400000, 0x0000000713600000|  0%| F|  |TAMS 0x0000000713400000, 0x0000000713400000| Untracked 
|  81|0x0000000713600000, 0x0000000713600000, 0x0000000713800000|  0%| F|  |TAMS 0x0000000713600000, 0x0000000713600000| Untracked 
|  82|0x0000000713800000, 0x0000000713800000, 0x0000000713a00000|  0%| F|  |TAMS 0x0000000713800000, 0x0000000713800000| Untracked 
|  83|0x0000000713a00000, 0x0000000713a00000, 0x0000000713c00000|  0%| F|  |TAMS 0x0000000713a00000, 0x0000000713a00000| Untracked 
|  84|0x0000000713c00000, 0x0000000713c00000, 0x0000000713e00000|  0%| F|  |TAMS 0x0000000713c00000, 0x0000000713c00000| Untracked 
|  85|0x0000000713e00000, 0x0000000713e00000, 0x0000000714000000|  0%| F|  |TAMS 0x0000000713e00000, 0x0000000713e00000| Untracked 
|  86|0x0000000714000000, 0x0000000714000000, 0x0000000714200000|  0%| F|  |TAMS 0x0000000714000000, 0x0000000714000000| Untracked 
|  87|0x0000000714200000, 0x0000000714200000, 0x0000000714400000|  0%| F|  |TAMS 0x0000000714200000, 0x0000000714200000| Untracked 
|  88|0x0000000714400000, 0x0000000714400000, 0x0000000714600000|  0%| F|  |TAMS 0x0000000714400000, 0x0000000714400000| Untracked 
|  89|0x0000000714600000, 0x0000000714600000, 0x0000000714800000|  0%| F|  |TAMS 0x0000000714600000, 0x0000000714600000| Untracked 
|  90|0x0000000714800000, 0x0000000714800000, 0x0000000714a00000|  0%| F|  |TAMS 0x0000000714800000, 0x0000000714800000| Untracked 
|  91|0x0000000714a00000, 0x0000000714a00000, 0x0000000714c00000|  0%| F|  |TAMS 0x0000000714a00000, 0x0000000714a00000| Untracked 
|  92|0x0000000714c00000, 0x0000000714c00000, 0x0000000714e00000|  0%| F|  |TAMS 0x0000000714c00000, 0x0000000714c00000| Untracked 
|  93|0x0000000714e00000, 0x0000000714e00000, 0x0000000715000000|  0%| F|  |TAMS 0x0000000714e00000, 0x0000000714e00000| Untracked 
|  94|0x0000000715000000, 0x0000000715000000, 0x0000000715200000|  0%| F|  |TAMS 0x0000000715000000, 0x0000000715000000| Untracked 
|  95|0x0000000715200000, 0x0000000715200000, 0x0000000715400000|  0%| F|  |TAMS 0x0000000715200000, 0x0000000715200000| Untracked 
|  96|0x0000000715400000, 0x0000000715400000, 0x0000000715600000|  0%| F|  |TAMS 0x0000000715400000, 0x0000000715400000| Untracked 
|  97|0x0000000715600000, 0x0000000715600000, 0x0000000715800000|  0%| F|  |TAMS 0x0000000715600000, 0x0000000715600000| Untracked 
|  98|0x0000000715800000, 0x0000000715800000, 0x0000000715a00000|  0%| F|  |TAMS 0x0000000715800000, 0x0000000715800000| Untracked 
|  99|0x0000000715a00000, 0x0000000715a00000, 0x0000000715c00000|  0%| F|  |TAMS 0x0000000715a00000, 0x0000000715a00000| Untracked 
| 100|0x0000000715c00000, 0x0000000715c00000, 0x0000000715e00000|  0%| F|  |TAMS 0x0000000715c00000, 0x0000000715c00000| Untracked 
| 101|0x0000000715e00000, 0x0000000715e00000, 0x0000000716000000|  0%| F|  |TAMS 0x0000000715e00000, 0x0000000715e00000| Untracked 
| 102|0x0000000716000000, 0x0000000716000000, 0x0000000716200000|  0%| F|  |TAMS 0x0000000716000000, 0x0000000716000000| Untracked 
| 103|0x0000000716200000, 0x0000000716200000, 0x0000000716400000|  0%| F|  |TAMS 0x0000000716200000, 0x0000000716200000| Untracked 
| 104|0x0000000716400000, 0x0000000716400000, 0x0000000716600000|  0%| F|  |TAMS 0x0000000716400000, 0x0000000716400000| Untracked 
| 105|0x0000000716600000, 0x0000000716600000, 0x0000000716800000|  0%| F|  |TAMS 0x0000000716600000, 0x0000000716600000| Untracked 
| 106|0x0000000716800000, 0x0000000716800000, 0x0000000716a00000|  0%| F|  |TAMS 0x0000000716800000, 0x0000000716800000| Untracked 
| 107|0x0000000716a00000, 0x0000000716a00000, 0x0000000716c00000|  0%| F|  |TAMS 0x0000000716a00000, 0x0000000716a00000| Untracked 
| 108|0x0000000716c00000, 0x0000000716c00000, 0x0000000716e00000|  0%| F|  |TAMS 0x0000000716c00000, 0x0000000716c00000| Untracked 
| 109|0x0000000716e00000, 0x0000000716e00000, 0x0000000717000000|  0%| F|  |TAMS 0x0000000716e00000, 0x0000000716e00000| Untracked 
| 110|0x0000000717000000, 0x0000000717000000, 0x0000000717200000|  0%| F|  |TAMS 0x0000000717000000, 0x0000000717000000| Untracked 
| 111|0x0000000717200000, 0x0000000717200000, 0x0000000717400000|  0%| F|  |TAMS 0x0000000717200000, 0x0000000717200000| Untracked 
| 112|0x0000000717400000, 0x0000000717400000, 0x0000000717600000|  0%| F|  |TAMS 0x0000000717400000, 0x0000000717400000| Untracked 
| 113|0x0000000717600000, 0x0000000717600000, 0x0000000717800000|  0%| F|  |TAMS 0x0000000717600000, 0x0000000717600000| Untracked 
| 114|0x0000000717800000, 0x0000000717800000, 0x0000000717a00000|  0%| F|  |TAMS 0x0000000717800000, 0x0000000717800000| Untracked 
| 115|0x0000000717a00000, 0x0000000717a00000, 0x0000000717c00000|  0%| F|  |TAMS 0x0000000717a00000, 0x0000000717a00000| Untracked 
| 116|0x0000000717c00000, 0x0000000717c00000, 0x0000000717e00000|  0%| F|  |TAMS 0x0000000717c00000, 0x0000000717c00000| Untracked 
| 117|0x0000000717e00000, 0x0000000717e00000, 0x0000000718000000|  0%| F|  |TAMS 0x0000000717e00000, 0x0000000717e00000| Untracked 
| 118|0x0000000718000000, 0x0000000718000000, 0x0000000718200000|  0%| F|  |TAMS 0x0000000718000000, 0x0000000718000000| Untracked 
| 119|0x0000000718200000, 0x0000000718200000, 0x0000000718400000|  0%| F|  |TAMS 0x0000000718200000, 0x0000000718200000| Untracked 
| 120|0x0000000718400000, 0x0000000718400000, 0x0000000718600000|  0%| F|  |TAMS 0x0000000718400000, 0x0000000718400000| Untracked 
| 121|0x0000000718600000, 0x0000000718800000, 0x0000000718800000|100%| E|  |TAMS 0x0000000718600000, 0x0000000718600000| Complete 
| 122|0x0000000718800000, 0x0000000718a00000, 0x0000000718a00000|100%| E|CS|TAMS 0x0000000718800000, 0x0000000718800000| Complete 
| 123|0x0000000718a00000, 0x0000000718c00000, 0x0000000718c00000|100%| E|CS|TAMS 0x0000000718a00000, 0x0000000718a00000| Complete 

Card table byte_map: [0x0000020cb3720000,0x0000020cb3ee0000] _byte_map_base: 0x0000020cafed6000

Marking Bits (Prev, Next): (CMBitMap*) 0x0000020c9c42fe20, (CMBitMap*) 0x0000020c9c42fe60
 Prev Bits: [0x0000020cb46a0000, 0x0000020cb8450000)
 Next Bits: [0x0000020cb8450000, 0x0000020cbc200000)

Polling page: 0x0000020c9a100000

Metaspace:

Usage:
  Non-class:      1.31 MB used.
      Class:    169.76 KB used.
       Both:      1.48 MB used.

Virtual space:
  Non-class space:        8.00 MB reserved,       1.38 MB ( 17%) committed,  1 nodes.
      Class space:        1.00 GB reserved,     256.00 KB ( <1%) committed,  1 nodes.
             Both:        1.01 GB reserved,       1.62 MB ( <1%) committed. 

Chunk freelists:
   Non-Class:  3.55 MB
       Class:  3.64 MB
        Both:  7.19 MB

MaxMetaspaceSize: unlimited
CompressedClassSpaceSize: 1.00 GB
Initial GC threshold: 21.00 MB
Current GC threshold: 21.00 MB
CDS: on
MetaspaceReclaimPolicy: balanced
 - commit_granule_bytes: 65536.
 - commit_granule_words: 8192.
 - virtual_space_node_default_size: 1048576.
 - enlarge_chunks_in_place: 1.
 - new_chunks_are_fully_committed: 0.
 - uncommit_free_chunks: 1.
 - use_allocation_guard: 0.
 - handle_deallocations: 1.


Internal statistics:

num_allocs_failed_limit: 0.
num_arena_births: 18.
num_arena_deaths: 0.
num_vsnodes_births: 2.
num_vsnodes_deaths: 0.
num_space_committed: 26.
num_space_uncommitted: 0.
num_chunks_returned_to_freelist: 0.
num_chunks_taken_from_freelist: 52.
num_chunk_merges: 0.
num_chunk_splits: 30.
num_chunks_enlarged: 20.
num_purges: 0.
num_inconsistent_stats: 0.

CodeHeap 'non-profiled nmethods': size=120000Kb used=125Kb max_used=125Kb free=119874Kb
 bounds [0x0000020cab700000, 0x0000020cab970000, 0x0000020cb2c30000]
CodeHeap 'profiled nmethods': size=120000Kb used=621Kb max_used=621Kb free=119378Kb
 bounds [0x0000020ca41d0000, 0x0000020ca4440000, 0x0000020cab700000]
CodeHeap 'non-nmethods': size=5760Kb used=1130Kb max_used=1145Kb free=4629Kb
 bounds [0x0000020ca3c30000, 0x0000020ca3ea0000, 0x0000020ca41d0000]
 total_blobs=811 nmethods=396 adapters=328
 compilation: enabled
              stopped_count=0, restarted_count=0
 full_count=0

Compilation events (20 events):
Event: 0.247 Thread 0x0000020cbec73b00  384       3       java.util.ArrayDeque::pollFirst (36 bytes)
Event: 0.247 Thread 0x0000020cbec73b00 nmethod 384 0x0000020ca4258a90 code [0x0000020ca4258c40, 0x0000020ca4259058]
Event: 0.249 Thread 0x0000020cbec73b00  385   !   3       java.util.zip.InflaterInputStream::read (138 bytes)
Event: 0.249 Thread 0x0000020cbec73b00 nmethod 385 0x0000020ca4259210 code [0x0000020ca42594c0, 0x0000020ca425a198]
Event: 0.249 Thread 0x0000020cbec73b00  386       3       java.util.zip.InflaterInputStream::ensureOpen (18 bytes)
Event: 0.249 Thread 0x0000020cbec73b00 nmethod 386 0x0000020ca425a710 code [0x0000020ca425a8c0, 0x0000020ca425aac8]
Event: 0.249 Thread 0x0000020cbec73b00  387       3       java.lang.String::getChars (54 bytes)
Event: 0.249 Thread 0x0000020cbec73b00 nmethod 387 0x0000020ca425ab90 code [0x0000020ca425ad80, 0x0000020ca425b1f8]
Event: 0.253 Thread 0x0000020cbec73b00  388       3       jdk.internal.org.objectweb.asm.Symbol::<init> (38 bytes)
Event: 0.253 Thread 0x0000020cbec73b00 nmethod 388 0x0000020ca425b410 code [0x0000020ca425b5c0, 0x0000020ca425b878]
Event: 0.253 Thread 0x0000020cbec73b00  389       3       java.net.URLStreamHandler::parseURL (1201 bytes)
Event: 0.254 Thread 0x0000020cbec73060  395       4       jdk.internal.misc.Unsafe::putReferenceRelease (9 bytes)
Event: 0.255 Thread 0x0000020cbec73060 nmethod 395 0x0000020cab71d910 code [0x0000020cab71da80, 0x0000020cab71dbd8]
Event: 0.255 Thread 0x0000020cbec73060  396 %     4       java.lang.StringLatin1::indexOf @ 30 (121 bytes)
Event: 0.261 Thread 0x0000020cbec73060 nmethod 396% 0x0000020cab71df90 code [0x0000020cab71e120, 0x0000020cab71e4b8]
Event: 0.261 Thread 0x0000020cbec73060  402       4       java.lang.String::startsWith (138 bytes)
Event: 0.264 Thread 0x0000020cbec73060 nmethod 402 0x0000020cab71e790 code [0x0000020cab71e920, 0x0000020cab71ebb8]
Event: 0.264 Thread 0x0000020cbec73060  403       4       java.lang.String::indexOf (7 bytes)
Event: 0.265 Thread 0x0000020cbec73060 nmethod 403 0x0000020cab71ed90 code [0x0000020cab71ef00, 0x0000020cab71f0b8]
Event: 0.265 Thread 0x0000020cbec73060  399       4       java.util.concurrent.ConcurrentHashMap::casTabAt (21 bytes)

GC Heap History (0 events):
No events

Deoptimization events (20 events):
Event: 0.118 Thread 0x0000020c9c3e02e0 DEOPT PACKING pc=0x0000020ca41e978c sp=0x000000162dafa760
Event: 0.118 Thread 0x0000020c9c3e02e0 DEOPT UNPACKING pc=0x0000020ca3c82b43 sp=0x000000162daf9bf0 mode 0
Event: 0.120 Thread 0x0000020c9c3e02e0 DEOPT PACKING pc=0x0000020ca41e978c sp=0x000000162dafa760
Event: 0.120 Thread 0x0000020c9c3e02e0 DEOPT UNPACKING pc=0x0000020ca3c82b43 sp=0x000000162daf9bf0 mode 0
Event: 0.120 Thread 0x0000020c9c3e02e0 DEOPT PACKING pc=0x0000020ca41e978c sp=0x000000162dafa760
Event: 0.120 Thread 0x0000020c9c3e02e0 DEOPT UNPACKING pc=0x0000020ca3c82b43 sp=0x000000162daf9bf0 mode 0
Event: 0.120 Thread 0x0000020c9c3e02e0 DEOPT PACKING pc=0x0000020ca41e978c sp=0x000000162dafa760
Event: 0.120 Thread 0x0000020c9c3e02e0 DEOPT UNPACKING pc=0x0000020ca3c82b43 sp=0x000000162daf9bf0 mode 0
Event: 0.120 Thread 0x0000020c9c3e02e0 DEOPT PACKING pc=0x0000020ca41e978c sp=0x000000162dafa760
Event: 0.120 Thread 0x0000020c9c3e02e0 DEOPT UNPACKING pc=0x0000020ca3c82b43 sp=0x000000162daf9bf0 mode 0
Event: 0.120 Thread 0x0000020c9c3e02e0 DEOPT PACKING pc=0x0000020ca41e978c sp=0x000000162dafa760
Event: 0.120 Thread 0x0000020c9c3e02e0 DEOPT UNPACKING pc=0x0000020ca3c82b43 sp=0x000000162daf9bf0 mode 0
Event: 0.138 Thread 0x0000020c9c3e02e0 DEOPT PACKING pc=0x0000020ca41e84e7 sp=0x000000162dafaca0
Event: 0.138 Thread 0x0000020c9c3e02e0 DEOPT UNPACKING pc=0x0000020ca3c82b43 sp=0x000000162dafa0c0 mode 0
Event: 0.162 Thread 0x0000020c9c3e02e0 DEOPT PACKING pc=0x0000020ca41d7451 sp=0x000000162dafc7f0
Event: 0.162 Thread 0x0000020c9c3e02e0 DEOPT UNPACKING pc=0x0000020ca3c82b43 sp=0x000000162dafbc68 mode 0
Event: 0.263 Thread 0x0000020c9c3e02e0 Uncommon trap: trap_request=0xffffff45 fr.pc=0x0000020cab7135e4 relative=0x0000000000000064
Event: 0.263 Thread 0x0000020c9c3e02e0 Uncommon trap: reason=unstable_if action=reinterpret pc=0x0000020cab7135e4 method=java.io.WinNTFileSystem.isSlash(C)Z @ 9 c2
Event: 0.263 Thread 0x0000020c9c3e02e0 DEOPT PACKING pc=0x0000020cab7135e4 sp=0x000000162dafd160
Event: 0.263 Thread 0x0000020c9c3e02e0 DEOPT UNPACKING pc=0x0000020ca3c823a3 sp=0x000000162dafd0e8 mode 2

Classes unloaded (0 events):
No events

Classes redefined (0 events):
No events

Internal exceptions (10 events):
Event: 0.199 Thread 0x0000020c9c3e02e0 Exception <a 'java/lang/NoSuchMethodError'{0x00000007189ec4a8}: 'int java.lang.invoke.DirectMethodHandle$Holder.invokeStaticInit(java.lang.Object, java.lang.Object)'> (0x00000007189ec4a8) 
thrown [t:\workspace\open\src\hotspot\share\interpreter\linkResolver.cpp, line 766]
Event: 0.213 Thread 0x0000020c9c3e02e0 Exception <a 'java/lang/NoSuchMethodError'{0x00000007186a3600}: 'java.lang.Object java.lang.invoke.DirectMethodHandle$Holder.invokeStaticInit(java.lang.Object)'> (0x00000007186a3600) 
thrown [t:\workspace\open\src\hotspot\share\interpreter\linkResolver.cpp, line 766]
Event: 0.219 Thread 0x0000020c9c3e02e0 Exception <a 'java/lang/NoSuchMethodError'{0x00000007186b3518}: 'void java.lang.invoke.DirectMethodHandle$Holder.invokeStatic(java.lang.Object, java.lang.Object)'> (0x00000007186b3518) 
thrown [t:\workspace\open\src\hotspot\share\interpreter\linkResolver.cpp, line 766]
Event: 0.233 Thread 0x0000020c9c3e02e0 Exception <a 'java/net/SocketException'{0x00000007186be1e8}: Socket is not connected: shutdown> (0x00000007186be1e8) 
thrown [t:\workspace\open\src\hotspot\share\prims\jni.cpp, line 535]
Event: 0.233 Thread 0x0000020c9c3e02e0 Exception <a 'java/net/SocketException'{0x00000007186be860}: Socket is not connected: shutdown> (0x00000007186be860) 
thrown [t:\workspace\open\src\hotspot\share\prims\jni.cpp, line 535]
Event: 0.257 Thread 0x0000020c9c3e02e0 Exception <a 'java/lang/NoSuchMethodError'{0x00000007187acf48}: 'void java.lang.invoke.DirectMethodHandle$Holder.invokeStaticInit(java.lang.Object, java.lang.Object)'> (0x00000007187acf48) 
thrown [t:\workspace\open\src\hotspot\share\interpreter\linkResolver.cpp, line 766]
Event: 0.264 Thread 0x0000020c9c3e02e0 Exception <a 'java/lang/OutOfMemoryError'{0x00000007187dad50}> (0x00000007187dad50) 
thrown [t:\workspace\open\src\hotspot\share\prims\jni.cpp, line 535]
Event: 0.264 Thread 0x0000020c9c3e02e0 Exception <a 'java/lang/OutOfMemoryError'{0x00000007187dad50}> (0x00000007187dad50) 
thrown [t:\workspace\open\src\hotspot\share\oops\instanceKlass.cpp, line 1163]
Event: 0.264 Thread 0x0000020c9c3e02e0 Exception <a 'java/lang/OutOfMemoryError'{0x00000007187dad50}> (0x00000007187dad50) 
thrown [t:\workspace\open\src\hotspot\share\oops\instanceKlass.cpp, line 1163]
Event: 0.264 Thread 0x0000020c9c3e02e0 Exception <a 'java/lang/OutOfMemoryError'{0x00000007187dad50}> (0x00000007187dad50) 
thrown [t:\workspace\open\src\hotspot\share\oops\instanceKlass.cpp, line 1163]

VM Operations (6 events):
Event: 0.103 Executing VM operation: HandshakeAllThreads
Event: 0.103 Executing VM operation: HandshakeAllThreads done
Event: 0.217 Executing VM operation: HandshakeAllThreads
Event: 0.217 Executing VM operation: HandshakeAllThreads done
Event: 0.263 Executing VM operation: HandshakeAllThreads
Event: 0.263 Executing VM operation: HandshakeAllThreads done

Events (20 events):
Event: 0.262 loading class java/net/JarURLConnection done
Event: 0.262 loading class sun/net/www/protocol/jar/JarURLConnection done
Event: 0.263 loading class sun/net/www/protocol/jar/JarFileFactory
Event: 0.263 loading class sun/net/www/protocol/jar/URLJarFile$URLJarFileCloseController
Event: 0.263 loading class sun/net/www/protocol/jar/URLJarFile$URLJarFileCloseController done
Event: 0.263 loading class sun/net/www/protocol/jar/JarFileFactory done
Event: 0.263 loading class sun/net/www/protocol/file/FileURLConnection
Event: 0.263 loading class sun/net/www/URLConnection
Event: 0.263 loading class sun/net/www/URLConnection done
Event: 0.263 loading class sun/net/www/protocol/file/FileURLConnection done
Event: 0.263 loading class sun/net/www/MessageHeader
Event: 0.263 loading class sun/net/www/MessageHeader done
Event: 0.263 loading class sun/net/www/protocol/jar/URLJarFile
Event: 0.263 loading class sun/net/www/protocol/jar/URLJarFile done
Event: 0.264 loading class java/util/zip/DataFormatException
Event: 0.264 loading class java/util/zip/DataFormatException done
Event: 0.264 loading class java/lang/Throwable$WrappedPrintStream
Event: 0.265 loading class java/lang/Throwable$PrintStreamOrWriter
Event: 0.265 loading class java/lang/Throwable$PrintStreamOrWriter done
Event: 0.265 loading class java/lang/Throwable$WrappedPrintStream done


Dynamic libraries:
0x00007ff7492d0000 - 0x00007ff7492e0000 	C:\Program Files\Java\jdk-17.0.2\bin\javaw.exe
0x00007ffd5ca30000 - 0x00007ffd5cc28000 	C:\Windows\SYSTEM32\ntdll.dll
0x00007ffd5c450000 - 0x00007ffd5c50d000 	C:\Windows\System32\KERNEL32.DLL
0x00007ffd5a5c0000 - 0x00007ffd5a8b6000 	C:\Windows\System32\KERNELBASE.dll
0x00007ffd59aa0000 - 0x00007ffd59bc0000 	C:\Windows\system32\hmpalert.dll
0x00007ffd5b390000 - 0x00007ffd5b440000 	C:\Windows\System32\ADVAPI32.DLL
0x00007ffd5bf40000 - 0x00007ffd5bfde000 	C:\Windows\System32\msvcrt.dll
0x00007ffd5c8f0000 - 0x00007ffd5c990000 	C:\Windows\System32\sechost.dll
0x00007ffd5b440000 - 0x00007ffd5b563000 	C:\Windows\System32\RPCRT4.dll
0x00007ffd5aa30000 - 0x00007ffd5aa57000 	C:\Windows\System32\bcrypt.dll
0x00007ffd5a330000 - 0x00007ffd5a430000 	C:\Windows\System32\ucrtbase.dll
0x00007ffd46c70000 - 0x00007ffd46c88000 	C:\Program Files\Java\jdk-17.0.2\bin\jli.dll
0x00007ffd5b010000 - 0x00007ffd5b1af000 	C:\Windows\System32\USER32.dll
0x00007ffd41c00000 - 0x00007ffd41c1a000 	C:\Program Files\Java\jdk-17.0.2\bin\VCRUNTIME140.dll
0x00007ffd5a590000 - 0x00007ffd5a5b2000 	C:\Windows\System32\win32u.dll
0x00007ffd5c180000 - 0x00007ffd5c1ab000 	C:\Windows\System32\GDI32.dll
0x00007ffd5a180000 - 0x00007ffd5a297000 	C:\Windows\System32\gdi32full.dll
0x00007ffd5a0e0000 - 0x00007ffd5a17d000 	C:\Windows\System32\msvcp_win.dll
0x00007ffd3ed70000 - 0x00007ffd3f00a000 	C:\Windows\WinSxS\amd64_microsoft.windows.common-controls_6595b64144ccf1df_6.0.19041.3636_none_60b6a03d71f818d5\COMCTL32.dll
0x00007ffd53180000 - 0x00007ffd5318a000 	C:\Windows\SYSTEM32\VERSION.dll
0x00007ffd5b570000 - 0x00007ffd5b5a2000 	C:\Windows\System32\IMM32.DLL
0x00007ffd4f350000 - 0x00007ffd4f35c000 	C:\Program Files\Java\jdk-17.0.2\bin\vcruntime140_1.dll
0x00007ffd2dc40000 - 0x00007ffd2dccd000 	C:\Program Files\Java\jdk-17.0.2\bin\msvcp140.dll
0x00007ffd1d080000 - 0x00007ffd1dc41000 	C:\Program Files\Java\jdk-17.0.2\bin\server\jvm.dll
0x00007ffd5c360000 - 0x00007ffd5c368000 	C:\Windows\System32\PSAPI.DLL
0x00007ffd41560000 - 0x00007ffd41569000 	C:\Windows\SYSTEM32\WSOCK32.dll
0x00007ffd5c090000 - 0x00007ffd5c0fb000 	C:\Windows\System32\WS2_32.dll
0x00007ffd3bd50000 - 0x00007ffd3bd77000 	C:\Windows\SYSTEM32\WINMM.dll
0x00007ffd587a0000 - 0x00007ffd587b2000 	C:\Windows\SYSTEM32\kernel.appcore.dll
0x00007ffd55460000 - 0x00007ffd5546a000 	C:\Program Files\Java\jdk-17.0.2\bin\jimage.dll
0x00007ffd584b0000 - 0x00007ffd58694000 	C:\Windows\SYSTEM32\DBGHELP.DLL
0x00007ffd45a20000 - 0x00007ffd45a54000 	C:\Windows\SYSTEM32\dbgcore.DLL
0x00007ffd5a2a0000 - 0x00007ffd5a322000 	C:\Windows\System32\bcryptPrimitives.dll
0x00007ffd48c50000 - 0x00007ffd48c75000 	C:\Program Files\Java\jdk-17.0.2\bin\java.dll
0x00007ffd2db10000 - 0x00007ffd2dbe6000 	C:\Program Files\Java\jdk-17.0.2\bin\jsvml.dll
0x00007ffd5b7d0000 - 0x00007ffd5bf3b000 	C:\Windows\System32\SHELL32.dll
0x00007ffd57d10000 - 0x00007ffd584ae000 	C:\Windows\SYSTEM32\windows.storage.dll
0x00007ffd5c510000 - 0x00007ffd5c863000 	C:\Windows\System32\combase.dll
0x00007ffd598c0000 - 0x00007ffd598ee000 	C:\Windows\SYSTEM32\Wldp.dll
0x00007ffd5b1b0000 - 0x00007ffd5b27d000 	C:\Windows\System32\OLEAUT32.dll
0x00007ffd5bfe0000 - 0x00007ffd5c08d000 	C:\Windows\System32\SHCORE.dll
0x00007ffd5b650000 - 0x00007ffd5b6a5000 	C:\Windows\System32\shlwapi.dll
0x00007ffd5a010000 - 0x00007ffd5a033000 	C:\Windows\SYSTEM32\profapi.dll
0x00007ffd48ac0000 - 0x00007ffd48ad9000 	C:\Program Files\Java\jdk-17.0.2\bin\net.dll
0x00007ffd51760000 - 0x00007ffd5186a000 	C:\Windows\SYSTEM32\WINHTTP.dll
0x00007ffd59620000 - 0x00007ffd5968a000 	C:\Windows\system32\mswsock.dll
0x00007ffd47eb0000 - 0x00007ffd47ec6000 	C:\Program Files\Java\jdk-17.0.2\bin\nio.dll
0x00007ffd47e90000 - 0x00007ffd47ea8000 	C:\Program Files\Java\jdk-17.0.2\bin\zip.dll
0x00007ffd59360000 - 0x00007ffd5942b000 	C:\Windows\SYSTEM32\DNSAPI.dll
0x00007ffd59320000 - 0x00007ffd5935b000 	C:\Windows\SYSTEM32\IPHLPAPI.DLL
0x00007ffd5b5b0000 - 0x00007ffd5b5b8000 	C:\Windows\System32\NSI.dll
0x00000000555c0000 - 0x00000000555e6000 	C:\Program Files\Bonjour\mdnsNSP.dll
0x00007ffd52430000 - 0x00007ffd5243a000 	C:\Windows\System32\rasadhlp.dll
0x00007ffd4fab0000 - 0x00007ffd4fb30000 	C:\Windows\System32\fwpuclnt.dll

dbghelp: loaded successfully - version: 4.0.5 - missing functions: none
symbol engine: initialized successfully - sym options: 0x614 - pdb path: .;C:\Program Files\Java\jdk-17.0.2\bin;C:\Windows\SYSTEM32;C:\Windows\WinSxS\amd64_microsoft.windows.common-controls_6595b64144ccf1df_6.0.19041.3636_none_60b6a03d71f818d5;C:\Program Files\Java\jdk-17.0.2\bin\server;C:\Program Files\Bonjour

VM Arguments:
jvm_args: -Dfile.encoding=UTF-8 -XX:+ShowCodeDetailsInExceptionMessages 
java_command: static_dropdown
java_class_path (initial): D:\Automation\Mavenjava\Selenium_Java\target\classes;C:\Users\Lenovo\.m2\repository\org\seleniumhq\selenium\selenium-java\4.16.1\selenium-java-4.16.1.jar;C:\Users\Lenovo\.m2\repository\org\seleniumhq\selenium\selenium-api\4.16.1\selenium-api-4.16.1.jar;C:\Users\Lenovo\.m2\repository\org\seleniumhq\selenium\selenium-chrome-driver\4.16.1\selenium-chrome-driver-4.16.1.jar;C:\Users\Lenovo\.m2\repository\com\google\auto\service\auto-service-annotations\1.1.1\auto-service-annotations-1.1.1.jar;C:\Users\Lenovo\.m2\repository\org\seleniumhq\selenium\selenium-chromium-driver\4.16.1\selenium-chromium-driver-4.16.1.jar;C:\Users\Lenovo\.m2\repository\org\seleniumhq\selenium\selenium-json\4.16.1\selenium-json-4.16.1.jar;C:\Users\Lenovo\.m2\repository\org\seleniumhq\selenium\selenium-manager\4.16.1\selenium-manager-4.16.1.jar;C:\Users\Lenovo\.m2\repository\org\seleniumhq\selenium\selenium-devtools-v118\4.16.1\selenium-devtools-v118-4.16.1.jar;C:\Users\Lenovo\.m2\repository\org\seleniumhq\selenium\selenium-devtools-v119\4.16.1\selenium-devtools-v119-4.16.1.jar;C:\Users\Lenovo\.m2\repository\org\seleniumhq\selenium\selenium-devtools-v120\4.16.1\selenium-devtools-v120-4.16.1.jar;C:\Users\Lenovo\.m2\repository\org\seleniumhq\selenium\selenium-devtools-v85\4.16.1\selenium-devtools-v85-4.16.1.jar;C:\Users\Lenovo\.m2\repository\org\seleniumhq\selenium\selenium-edge-driver\4.16.1\selenium-edge-driver-4.16.1.jar;C:\Users\Lenovo\.m2\repository\org\seleniumhq\selenium\selenium-firefox-driver\4.16.1\selenium-firefox-driver-4.16.1.jar;C:\Users\Lenovo\.m2\repository\org\seleniumhq\selenium\selenium-http\4.16.1\selenium-http-4.16.1.jar;C:\Users\Lenovo\.m2\repository\dev\failsafe\failsafe\3.3.2\failsafe-3.3.2.jar;C:\Users\Lenovo\.m2\repository\org\seleniumhq\selenium\selenium-ie-driver\4.16.1\selenium-ie-driver-4.16.1.jar;C:\Users\Lenovo\.m2\repository\org\seleniumhq\selenium\selenium-remote-driver\4.16.1\selenium-remote-driver-4.16.1.jar;C:\Users\Lenovo\.m2\reposito
Launcher Type: SUN_STANDARD

[Global flags]
     intx CICompilerCount                          = 4                                         {product} {ergonomic}
     uint ConcGCThreads                            = 2                                         {product} {ergonomic}
     uint G1ConcRefinementThreads                  = 8                                         {product} {ergonomic}
   size_t G1HeapRegionSize                         = 2097152                                   {product} {ergonomic}
    uintx GCDrainStackTargetSize                   = 64                                        {product} {ergonomic}
   size_t InitialHeapSize                          = 260046848                                 {product} {ergonomic}
   size_t MarkStackSize                            = 4194304                                   {product} {ergonomic}
   size_t MaxHeapSize                              = 4139778048                                {product} {ergonomic}
   size_t MaxNewSize                               = 2483027968                                {product} {ergonomic}
   size_t MinHeapDeltaBytes                        = 2097152                                   {product} {ergonomic}
   size_t MinHeapSize                              = 8388608                                   {product} {ergonomic}
    uintx NonNMethodCodeHeapSize                   = 5839372                                {pd product} {ergonomic}
    uintx NonProfiledCodeHeapSize                  = 122909434                              {pd product} {ergonomic}
    uintx ProfiledCodeHeapSize                     = 122909434                              {pd product} {ergonomic}
    uintx ReservedCodeCacheSize                    = 251658240                              {pd product} {ergonomic}
     bool SegmentedCodeCache                       = true                                      {product} {ergonomic}
     bool ShowCodeDetailsInExceptionMessages       = true                                   {manageable} {command line}
   size_t SoftMaxHeapSize                          = 4139778048                             {manageable} {ergonomic}
     bool UseCompressedClassPointers               = true                           {product lp64_product} {ergonomic}
     bool UseCompressedOops                        = true                           {product lp64_product} {ergonomic}
     bool UseG1GC                                  = true                                      {product} {ergonomic}
     bool UseLargePagesIndividualAllocation        = false                                  {pd product} {ergonomic}

Logging:
Log output configuration:
 #0: stdout all=warning uptime,level,tags
 #1: stderr all=off uptime,level,tags

Environment Variables:
JAVA_HOME=C:\Program Files\Java\jdk-17.0.2\
PATH=C:/Program Files/Java/jdk-17.0.2/bin/server;C:/Program Files/Java/jdk-17.0.2/bin;C:\Program Files\Python311\Scripts\;C:\Program Files\Python311\;C:\Program Files\Java\jdk-17.0.2\bin;C:\Program Files\Common Files\Oracle\Java\javapath;C:\Windows\system32;C:\Windows;C:\Windows\System32\Wbem;C:\Windows\System32\WindowsPowerShell\v1.0\;C:\Windows\System32\OpenSSH\;C:\Program Files\WireGuard\;C:\Program Files (x86)\Microsoft SQL Server\160\DTS\Binn\;C:\Program Files\Azure Data Studio\bin;C:\Program Files\Amazon\AWSCLIV2\;C:\Program Files\Git\cmd;C:\Users\Lenovo\AppData\Local\Microsoft\WindowsApps;;C:\Program Files\JetBrains\PyCharm Community Edition 2023.1.3\bin;;C:\Program Files\Azure Data Studio\bin;C:\Users\Lenovo\Desktop;
USERNAME=Austraxlap34
OS=Windows_NT
PROCESSOR_IDENTIFIER=Intel64 Family 6 Model 142 Stepping 12, GenuineIntel



---------------  S Y S T E M  ---------------

OS:
 Windows 10 , 64 bit Build 19041 (10.0.19041.3636)
OS uptime: 22 days 19:13 hours
Hyper-V role detected

CPU: total 8 (initial active 8) (4 cores per cpu, 2 threads per core) family 6 model 142 stepping 12 microcode 0xde, cx8, cmov, fxsr, ht, mmx, 3dnowpref, sse, sse2, sse3, ssse3, sse4.1, sse4.2, popcnt, lzcnt, tsc, tscinvbit, avx, avx2, aes, erms, clmul, bmi1, bmi2, adx, fma, vzeroupper, clflush, clflushopt, hv

Memory: 4k page, system-wide physical 15789M (2416M free)
TotalPageFile size 35218M (AvailPageFile size 3M)
current process WorkingSet (physical memory assigned to process): 47M, peak: 47M
current process commit charge ("private bytes"): 345M, peak: 345M

vm_info: Java HotSpot(TM) 64-Bit Server VM (17.0.2+8-LTS-86) for windows-amd64 JRE (17.0.2+8-LTS-86), built on Dec  7 2021 21:51:03 by "mach5one" with MS VC++ 16.8 / 16.9 (VS2019)

END.
